[INFO ] [2023-05-13 00:20:34,238] Register - Step 01: Navigate to 'Register' page
[INFO ] [2023-05-13 00:20:35,366] Register - Step 02: Enter to FirstName textbox with value is 'Geni'
[INFO ] [2023-05-13 00:20:35,486] Register - Step 03: Enter to Lastname textbox with value is 'Nguyen'
[INFO ] [2023-05-13 00:20:35,584] Register - Step 04: Enter to Email Address textbox with value is 'afc86753@acb.com'
[INFO ] [2023-05-13 00:20:35,685] Register - Step 05: Enter to Password textbox with value is '123456'
[INFO ] [2023-05-13 00:20:35,792] Register - Step 06: Enter to Confirm Password textbox with value is '123456'
[INFO ] [2023-05-13 00:20:35,868] Register - Step 08: Click to 'Register' button
[INFO ] [2023-05-13 00:20:36,632] Register - Step 09: Verify register success message is displayed
[INFO ] [2023-05-13 00:20:36,697] Register - Step 10: Click to Continue button
[INFO ] [2023-05-13 00:20:37,124] Login - Step 01: Navigate to Login page
[INFO ] [2023-05-13 00:20:37,563] Login - Step 02: Enter to Email textbox with value is 'afc86753@acb.com'
[INFO ] [2023-05-13 00:20:37,669] Login - Step 03: Enter to Password textbox with value is '123456'
[INFO ] [2023-05-13 00:20:37,769] Login - Step 04: Click to Login button
[INFO ] [2023-05-13 00:20:38,436] Login - Step 05: Verify the correct title of Home Page
[INFO ] [2023-05-13 00:20:38,439] Login - Step 06: Verify the 'My Account' Link is displayed
[2023-05-13 00:24:44,852] Register - Step 01: Navigate to 'Register' page
[2023-05-13 00:24:46,041] Register - Step 02: Enter to FirstName textbox with value is 'Geni'
[2023-05-13 00:24:46,227] Register - Step 03: Enter to Lastname textbox with value is 'Nguyen'
[2023-05-13 00:24:46,360] Register - Step 04: Enter to Email Address textbox with value is 'afc15610@acb.com'
[2023-05-13 00:24:46,445] Register - Step 05: Enter to Password textbox with value is '123456'
[2023-05-13 00:24:46,563] Register - Step 06: Enter to Confirm Password textbox with value is '123456'
[2023-05-13 00:24:46,651] Register - Step 08: Click to 'Register' button
[2023-05-13 00:24:47,482] Register - Step 09: Verify register success message is displayed
[2023-05-13 00:24:47,534]  -------------------------- PASSED -------------------------- 
[2023-05-13 00:24:47,534] Register - Step 10: Click to Continue button
[2023-05-13 00:24:48,112] Login - Step 01: Navigate to Login page
[2023-05-13 00:24:48,798] Login - Step 02: Enter to Email textbox with value is 'afc15610@acb.com'
[2023-05-13 00:24:48,956] Login - Step 03: Enter to Password textbox with value is '123456'
[2023-05-13 00:24:49,102] Login - Step 04: Click to Login button
[2023-05-13 00:24:49,835] Login - Step 05: Verify the correct title of Home Page
[2023-05-13 00:24:49,842]  -------------------------- FAILED -------------------------- 
[2023-05-13 00:24:49,842] Login - Step 06: Verify the 'My Account' Link is displayed
[2023-05-13 00:24:49,936]  -------------------------- PASSED -------------------------- 
[2023-05-13 00:24:50,582]  -------------------------- PASSED -------------------------- 
[2023-05-13 00:24:50,682]  -------------------------- PASSED -------------------------- 
[2023-05-13 00:24:50,766]  -------------------------- PASSED -------------------------- 
[2023-05-13 00:26:13,256] Register - Step 01: Navigate to 'Register' page
[2023-05-13 00:26:13,906] Register - Step 02: Enter to FirstName textbox with value is 'Geni'
[2023-05-13 00:26:14,072] Register - Step 03: Enter to Lastname textbox with value is 'Nguyen'
[2023-05-13 00:26:14,172] Register - Step 04: Enter to Email Address textbox with value is 'afc1826@acb.com'
[2023-05-13 00:26:14,272] Register - Step 05: Enter to Password textbox with value is '123456'
[2023-05-13 00:26:14,359] Register - Step 06: Enter to Confirm Password textbox with value is '123456'
[2023-05-13 00:26:14,452] Register - Step 08: Click to 'Register' button
[2023-05-13 00:26:15,193] Register - Step 09: Verify register success message is displayed
[2023-05-13 00:26:15,246]  -------------------------- PASSED -------------------------- 
[2023-05-13 00:26:15,246] Register - Step 10: Click to Continue button
[2023-05-13 00:26:15,702] Login - Step 01: Navigate to Login page
[2023-05-13 00:26:16,138] Login - Step 02: Enter to Email textbox with value is 'afc1826@acb.com'
[2023-05-13 00:26:16,236] Login - Step 03: Enter to Password textbox with value is '123456'
[2023-05-13 00:26:16,336] Login - Step 04: Click to Login button
[2023-05-13 00:26:17,028] Login - Step 05: Verify the correct title of Home Page
[2023-05-13 00:26:17,033]  -------------------------- FAILED -------------------------- 
[2023-05-13 00:26:17,034] Login - Step 06: Verify the 'My Account' Link is displayed
[2023-05-13 00:26:17,127]  -------------------------- PASSED -------------------------- 
[2023-05-13 00:26:17,704]  -------------------------- PASSED -------------------------- 
[2023-05-13 00:26:17,941]  -------------------------- PASSED -------------------------- 
[2023-05-13 00:26:18,027]  -------------------------- PASSED -------------------------- 
[2023-05-13 10:36:02,869] Register - Step 01: Navigate to 'Register' page
[2023-05-13 10:36:04,025] Register - Step 02: Enter to FirstName textbox with value is 'Geni'
[2023-05-13 10:36:04,161] Register - Step 03: Enter to Lastname textbox with value is 'Nguyen'
[2023-05-13 10:36:04,280] Register - Step 04: Enter to Email Address textbox with value is 'afc48138@acb.com'
[2023-05-13 10:36:04,408] Register - Step 05: Enter to Password textbox with value is '123456'
[2023-05-13 10:36:04,494] Register - Step 06: Enter to Confirm Password textbox with value is '123456'
[2023-05-13 10:36:04,585] Register - Step 08: Click to 'Register' button
[2023-05-13 10:36:05,445] Register - Step 09: Verify register success message is displayed
[2023-05-13 10:36:05,531]  -------------------------- PASSED -------------------------- 
[2023-05-13 10:36:05,531] Register - Step 10: Click to Continue button
[2023-05-13 10:36:06,009] Login - Step 01: Navigate to Login page
[2023-05-13 10:36:06,579] Login - Step 02: Enter to Email textbox with value is 'afc48138@acb.com'
[2023-05-13 10:36:06,746] Login - Step 03: Enter to Password textbox with value is '123456'
[2023-05-13 10:36:06,850] Login - Step 04: Click to Login button
[2023-05-13 10:36:07,624] Login - Step 05: Verify the correct title of Home Page
[2023-05-13 10:36:07,638]  -------------------------- FAILED -------------------------- 
[2023-05-13 10:36:07,638] Login - Step 06: Verify the 'My Account' Link is displayed
[2023-05-13 10:36:07,755]  -------------------------- PASSED -------------------------- 
[2023-05-13 10:36:08,355]  -------------------------- PASSED -------------------------- 
[2023-05-13 10:36:08,420]  -------------------------- PASSED -------------------------- 
[2023-05-13 10:36:08,481]  -------------------------- PASSED -------------------------- 
[2023-05-13 10:57:09,765] Register - Step 01: Navigate to 'Register' page
[2023-05-13 10:57:10,883] Register - Step 02: Enter to FirstName textbox with value is 'Geni'
[2023-05-13 10:57:11,019] Register - Step 03: Enter to Lastname textbox with value is 'Nguyen'
[2023-05-13 10:57:11,130] Register - Step 04: Enter to Email Address textbox with value is 'afc22940@acb.com'
[2023-05-13 10:57:11,218] Register - Step 05: Enter to Password textbox with value is '123456'
[2023-05-13 10:57:11,320] Register - Step 06: Enter to Confirm Password textbox with value is '123456'
[2023-05-13 10:57:11,403] Register - Step 08: Click to 'Register' button
[2023-05-13 10:57:12,176] Register - Step 09: Verify register success message is displayed
[2023-05-13 10:57:12,224]  -------------------------- PASSED -------------------------- 
[2023-05-13 10:57:12,224] Register - Step 10: Click to Continue button
[2023-05-13 10:57:12,658] Login - Step 01: Navigate to Login page
[2023-05-13 10:57:13,131] Login - Step 02: Enter to Email textbox with value is 'afc22940@acb.com'
[2023-05-13 10:57:13,234] Login - Step 03: Enter to Password textbox with value is '123456'
[2023-05-13 10:57:13,334] Login - Step 04: Click to Login button
[2023-05-13 10:57:14,092] Login - Step 05: Verify the correct title of Home Page
[2023-05-13 10:57:14,106]  -------------------------- FAILED -------------------------- 
[2023-05-13 10:57:14,106] Login - Step 06: Verify the 'My Account' Link is displayed
[2023-05-13 10:57:14,195]  -------------------------- PASSED -------------------------- 
[2023-05-13 10:57:14,755]  -------------------------- PASSED -------------------------- 
[2023-05-13 10:57:14,837]  -------------------------- PASSED -------------------------- 
[2023-05-13 10:57:14,896]  -------------------------- PASSED -------------------------- 
[2023-05-13 10:57:19,190] Register - Step 01: Navigate to 'Register' page
[2023-05-13 10:57:20,220] Register - Step 02: Enter to FirstName textbox with value is 'Geni'
[2023-05-13 10:57:20,329] Register - Step 03: Enter to Lastname textbox with value is 'Nguyen'
[2023-05-13 10:57:20,430] Register - Step 04: Enter to Email Address textbox with value is 'afc42843@acb.com'
[2023-05-13 10:57:20,521] Register - Step 05: Enter to Password textbox with value is '123456'
[2023-05-13 10:57:20,620] Register - Step 06: Enter to Confirm Password textbox with value is '123456'
[2023-05-13 10:57:20,714] Register - Step 08: Click to 'Register' button
[2023-05-13 10:57:21,411] Register - Step 09: Verify register success message is displayed
[2023-05-13 10:57:21,472]  -------------------------- PASSED -------------------------- 
[2023-05-13 10:57:21,472] Register - Step 10: Click to Continue button
[2023-05-13 10:57:21,882] Login - Step 01: Navigate to Login page
[2023-05-13 10:57:22,341] Login - Step 02: Enter to Email textbox with value is 'afc42843@acb.com'
[2023-05-13 10:57:22,436] Login - Step 03: Enter to Password textbox with value is '123456'
[2023-05-13 10:57:22,518] Login - Step 04: Click to Login button
[2023-05-13 10:57:23,172] Login - Step 05: Verify the correct title of Home Page
[2023-05-13 10:57:23,175]  -------------------------- FAILED -------------------------- 
[2023-05-13 10:57:23,175] Login - Step 06: Verify the 'My Account' Link is displayed
[2023-05-13 10:57:23,275]  -------------------------- PASSED -------------------------- 
[2023-05-13 10:57:23,790]  -------------------------- PASSED -------------------------- 
[2023-05-13 10:57:23,852]  -------------------------- PASSED -------------------------- 
[2023-05-13 10:57:23,915]  -------------------------- PASSED -------------------------- 
[2023-05-13 10:58:34,451] Register - Step 01: Navigate to 'Register' page
[2023-05-13 10:58:35,498] Register - Step 02: Enter to FirstName textbox with value is 'Geni'
[2023-05-13 10:58:35,612] Register - Step 03: Enter to Lastname textbox with value is 'Nguyen'
[2023-05-13 10:58:35,714] Register - Step 04: Enter to Email Address textbox with value is 'afc80418@acb.com'
[2023-05-13 10:58:35,813] Register - Step 05: Enter to Password textbox with value is '123456'
[2023-05-13 10:58:35,901] Register - Step 06: Enter to Confirm Password textbox with value is '123456'
[2023-05-13 10:58:35,997] Register - Step 08: Click to 'Register' button
[2023-05-13 10:58:36,703] Register - Step 09: Verify register success message is displayed
[2023-05-13 10:58:36,775]  -------------------------- PASSED -------------------------- 
[2023-05-13 10:58:36,775] Register - Step 10: Click to Continue button
[2023-05-13 10:58:37,196] Login - Step 01: Navigate to Login page
[2023-05-13 10:58:37,618] Login - Step 02: Enter to Email textbox with value is 'afc80418@acb.com'
[2023-05-13 10:58:37,708] Login - Step 03: Enter to Password textbox with value is '123456'
[2023-05-13 10:58:37,792] Login - Step 04: Click to Login button
[2023-05-13 10:58:38,456] Login - Step 05: Verify the correct title of Home Page
[2023-05-13 10:58:38,460]  -------------------------- FAILED -------------------------- 
[2023-05-13 10:58:38,460] Login - Step 06: Verify the 'My Account' Link is displayed
[2023-05-13 10:58:38,549]  -------------------------- PASSED -------------------------- 
[2023-05-13 10:58:39,058]  -------------------------- PASSED -------------------------- 
[2023-05-13 10:58:39,120]  -------------------------- PASSED -------------------------- 
[2023-05-13 10:58:39,181]  -------------------------- PASSED -------------------------- 
[2023-05-13 10:58:42,932] Register - Step 01: Navigate to 'Register' page
[2023-05-13 10:58:44,047] Register - Step 02: Enter to FirstName textbox with value is 'Geni'
[2023-05-13 10:58:44,153] Register - Step 03: Enter to Lastname textbox with value is 'Nguyen'
[2023-05-13 10:58:44,248] Register - Step 04: Enter to Email Address textbox with value is 'afc92057@acb.com'
[2023-05-13 10:58:44,341] Register - Step 05: Enter to Password textbox with value is '123456'
[2023-05-13 10:58:44,431] Register - Step 06: Enter to Confirm Password textbox with value is '123456'
[2023-05-13 10:58:44,521] Register - Step 08: Click to 'Register' button
[2023-05-13 10:58:45,260] Register - Step 09: Verify register success message is displayed
[2023-05-13 10:58:45,323]  -------------------------- PASSED -------------------------- 
[2023-05-13 10:58:45,323] Register - Step 10: Click to Continue button
[2023-05-13 10:58:45,752] Login - Step 01: Navigate to Login page
[2023-05-13 10:58:46,195] Login - Step 02: Enter to Email textbox with value is 'afc92057@acb.com'
[2023-05-13 10:58:46,295] Login - Step 03: Enter to Password textbox with value is '123456'
[2023-05-13 10:58:46,378] Login - Step 04: Click to Login button
[2023-05-13 10:58:47,118] Login - Step 05: Verify the correct title of Home Page
[2023-05-13 10:58:47,125]  -------------------------- FAILED -------------------------- 
[2023-05-13 10:58:47,126] Login - Step 06: Verify the 'My Account' Link is displayed
[2023-05-13 10:58:47,212]  -------------------------- PASSED -------------------------- 
[2023-05-13 10:58:47,770]  -------------------------- PASSED -------------------------- 
[2023-05-13 10:58:47,832]  -------------------------- PASSED -------------------------- 
[2023-05-13 10:58:47,895]  -------------------------- PASSED -------------------------- 
[2023-05-13 11:00:18,159] Register - Step 01: Navigate to 'Register' page
[2023-05-13 11:00:18,731] Register - Step 02: Enter to FirstName textbox with value is 'Geni'
[2023-05-13 11:00:18,875] Register - Step 03: Enter to Lastname textbox with value is 'Nguyen'
[2023-05-13 11:00:19,020] Register - Step 04: Enter to Email Address textbox with value is 'afc53291@acb.com'
[2023-05-13 11:00:19,166] Register - Step 05: Enter to Password textbox with value is '123456'
[2023-05-13 11:00:19,295] Register - Step 06: Enter to Confirm Password textbox with value is '123456'
[2023-05-13 11:00:19,437] Register - Step 08: Click to 'Register' button
[2023-05-13 11:00:20,209] Register - Step 09: Verify register success message is displayed
[2023-05-13 11:00:20,281]  -------------------------- PASSED -------------------------- 
[2023-05-13 11:00:20,281] Register - Step 10: Click to Continue button
[2023-05-13 11:00:20,768] Login - Step 01: Navigate to Login page
[2023-05-13 11:00:21,224] Login - Step 02: Enter to Email textbox with value is 'afc53291@acb.com'
[2023-05-13 11:00:21,345] Login - Step 03: Enter to Password textbox with value is '123456'
[2023-05-13 11:00:21,479] Login - Step 04: Click to Login button
[2023-05-13 11:00:22,282] Login - Step 05: Verify the correct title of Home Page
[2023-05-13 11:00:22,302]  -------------------------- FAILED -------------------------- 
[2023-05-13 11:00:22,302] Login - Step 06: Verify the 'My Account' Link is displayed
[2023-05-13 11:00:22,369]  -------------------------- PASSED -------------------------- 
[2023-05-13 11:00:22,950]  -------------------------- PASSED -------------------------- 
[2023-05-13 11:00:23,009]  -------------------------- PASSED -------------------------- 
[2023-05-13 11:00:23,071]  -------------------------- PASSED -------------------------- 
[2023-05-13 11:00:26,507] Register - Step 01: Navigate to 'Register' page
[2023-05-13 11:00:27,584] Register - Step 02: Enter to FirstName textbox with value is 'Geni'
[2023-05-13 11:00:27,694] Register - Step 03: Enter to Lastname textbox with value is 'Nguyen'
[2023-05-13 11:00:27,792] Register - Step 04: Enter to Email Address textbox with value is 'afc80587@acb.com'
[2023-05-13 11:00:27,891] Register - Step 05: Enter to Password textbox with value is '123456'
[2023-05-13 11:00:27,980] Register - Step 06: Enter to Confirm Password textbox with value is '123456'
[2023-05-13 11:00:28,063] Register - Step 08: Click to 'Register' button
[2023-05-13 11:00:28,797] Register - Step 09: Verify register success message is displayed
[2023-05-13 11:00:28,855]  -------------------------- PASSED -------------------------- 
[2023-05-13 11:00:28,856] Register - Step 10: Click to Continue button
[2023-05-13 11:00:29,286] Login - Step 01: Navigate to Login page
[2023-05-13 11:00:29,757] Login - Step 02: Enter to Email textbox with value is 'afc80587@acb.com'
[2023-05-13 11:00:29,857] Login - Step 03: Enter to Password textbox with value is '123456'
[2023-05-13 11:00:29,937] Login - Step 04: Click to Login button
[2023-05-13 11:00:30,643] Login - Step 05: Verify the correct title of Home Page
[2023-05-13 11:00:30,653]  -------------------------- FAILED -------------------------- 
[2023-05-13 11:00:30,653] Login - Step 06: Verify the 'My Account' Link is displayed
[2023-05-13 11:00:30,740]  -------------------------- PASSED -------------------------- 
[2023-05-13 11:00:31,313]  -------------------------- PASSED -------------------------- 
[2023-05-13 11:00:31,390]  -------------------------- PASSED -------------------------- 
[2023-05-13 11:00:31,455]  -------------------------- PASSED -------------------------- 
[2023-05-13 15:28:01,554] Register - Step 01: Navigate to 'Register' page
[2023-05-13 15:28:02,658] Register - Step 02: Enter to FirstName textbox with value is 'Geni'
[2023-05-13 15:28:02,764] Register - Step 03: Enter to Lastname textbox with value is 'Nguyen'
[2023-05-13 15:28:02,867] Register - Step 04: Enter to Email Address textbox with value is 'afc53684@acb.com'
[2023-05-13 15:28:02,975] Register - Step 05: Enter to Password textbox with value is '123456'
[2023-05-13 15:28:03,069] Register - Step 06: Enter to Confirm Password textbox with value is '123456'
[2023-05-13 15:28:03,171] Register - Step 08: Click to 'Register' button
[2023-05-13 15:28:03,941] Register - Step 09: Verify register success message is displayed
[2023-05-13 15:28:04,003]  -------------------------- PASSED -------------------------- 
[2023-05-13 15:28:04,003] Register - Step 10: Click to Continue button
[2023-05-13 15:28:04,451] Login - Step 01: Navigate to Login page
[2023-05-13 15:28:04,885] Login - Step 02: Enter to Email textbox with value is 'afc53684@acb.com'
[2023-05-13 15:28:04,975] Login - Step 03: Enter to Password textbox with value is '123456'
[2023-05-13 15:28:05,074] Login - Step 04: Click to Login button
[2023-05-13 15:28:05,770] Login - Step 05: Verify the correct title of Home Page
[2023-05-13 15:28:05,778]  -------------------------- FAILED -------------------------- 
[2023-05-13 15:28:05,778] Login - Step 06: Verify the 'My Account' Link is displayed
[2023-05-13 15:28:05,879]  -------------------------- PASSED -------------------------- 
[2023-05-13 15:28:06,422]  -------------------------- PASSED -------------------------- 
[2023-05-13 15:28:06,485]  -------------------------- PASSED -------------------------- 
[2023-05-13 15:28:06,548]  -------------------------- PASSED -------------------------- 
[2023-05-13 15:34:56,733] Register - Step 01: Navigate to 'Register' page
[2023-05-13 15:34:57,822] Register - Step 02: Enter to FirstName textbox with value is 'Geni'
[2023-05-13 15:34:57,923] Register - Step 03: Enter to Lastname textbox with value is 'Nguyen'
[2023-05-13 15:34:58,038] Register - Step 04: Enter to Email Address textbox with value is 'afc11950@acb.com'
[2023-05-13 15:34:58,144] Register - Step 05: Enter to Password textbox with value is '123456'
[2023-05-13 15:34:58,243] Register - Step 06: Enter to Confirm Password textbox with value is '123456'
[2023-05-13 15:34:58,325] Register - Step 08: Click to 'Register' button
[2023-05-13 15:34:59,109] Register - Step 09: Verify register success message is displayed
[2023-05-13 15:34:59,176]  -------------------------- PASSED -------------------------- 
[2023-05-13 15:34:59,176] Register - Step 10: Click to Continue button
[2023-05-13 15:34:59,644] Login - Step 01: Navigate to Login page
[2023-05-13 15:35:00,065] Login - Step 02: Enter to Email textbox with value is 'afc11950@acb.com'
[2023-05-13 15:35:00,164] Login - Step 03: Enter to Password textbox with value is '123456'
[2023-05-13 15:35:00,248] Login - Step 04: Click to Login button
[2023-05-13 15:35:01,238] Login - Step 05: Verify the correct title of Home Page
[2023-05-13 15:35:01,241]  -------------------------- FAILED -------------------------- 
[2023-05-13 15:35:01,242] Login - Step 06: Verify the 'My Account' Link is displayed
[2023-05-13 15:35:01,333]  -------------------------- PASSED -------------------------- 
[2023-05-13 15:35:02,132]  -------------------------- PASSED -------------------------- 
[2023-05-13 15:35:02,195]  -------------------------- PASSED -------------------------- 
[2023-05-13 15:35:02,256]  -------------------------- PASSED -------------------------- 
[2023-05-13 15:46:39,482] Register - Step 01: Navigate to 'Register' page
[2023-05-13 15:46:40,548] Register - Step 02: Enter to FirstName textbox with value is 'Geni'
[2023-05-13 15:46:40,648] Register - Step 03: Enter to Lastname textbox with value is 'Nguyen'
[2023-05-13 15:46:40,735] Register - Step 04: Enter to Email Address textbox with value is 'afc43622@acb.com'
[2023-05-13 15:46:40,820] Register - Step 05: Enter to Password textbox with value is '123456'
[2023-05-13 15:46:40,919] Register - Step 06: Enter to Confirm Password textbox with value is '123456'
[2023-05-13 15:46:41,009] Register - Step 08: Click to 'Register' button
[2023-05-13 15:46:41,743] Register - Step 09: Verify register success message is displayed
[2023-05-13 15:46:41,803] Register - Step 10: Click to Continue button
[2023-05-13 15:46:42,240] Login - Step 01: Navigate to Login page
[2023-05-13 15:46:42,676] Login - Step 02: Enter to Email textbox with value is 'afc43622@acb.com'
[2023-05-13 15:46:42,761] Login - Step 03: Enter to Password textbox with value is '123456'
[2023-05-13 15:46:42,858] Login - Step 04: Click to Login button
[2023-05-13 15:46:43,676] Login - Step 05: Verify the correct title of Home Page
[2023-05-13 15:48:27,424] Register - Step 01: Navigate to 'Register' page
[2023-05-13 15:48:28,554] Register - Step 02: Enter to FirstName textbox with value is 'Geni'
[2023-05-13 15:48:28,668] Register - Step 03: Enter to Lastname textbox with value is 'Nguyen'
[2023-05-13 15:48:28,753] Register - Step 04: Enter to Email Address textbox with value is 'afc27220@acb.com'
[2023-05-13 15:48:28,847] Register - Step 05: Enter to Password textbox with value is '123456'
[2023-05-13 15:48:28,933] Register - Step 06: Enter to Confirm Password textbox with value is '123456'
[2023-05-13 15:48:29,011] Register - Step 08: Click to 'Register' button
[2023-05-13 15:48:29,831] Register - Step 09: Verify register success message is displayed
[2023-05-13 15:48:29,885] Register - Step 10: Click to Continue button
[2023-05-13 15:48:30,330] Login - Step 01: Navigate to Login page
[2023-05-13 15:48:30,745] Login - Step 02: Enter to Email textbox with value is 'afc27220@acb.com'
[2023-05-13 15:48:30,849] Login - Step 03: Enter to Password textbox with value is '123456'
[2023-05-13 15:48:30,952] Login - Step 04: Click to Login button
[2023-05-13 15:48:31,658] Login - Step 06: Verify the 'My Account' Link is displayed
[2023-05-13 15:51:02,077] Register - Step 01: Navigate to 'Register' page
[2023-05-13 15:51:03,472] Register - Step 02: Enter to FirstName textbox with value is 'Geni'
[2023-05-13 15:51:03,659] Register - Step 03: Enter to Lastname textbox with value is 'Nguyen'
[2023-05-13 15:51:03,788] Register - Step 04: Enter to Email Address textbox with value is 'afc71839@acb.com'
[2023-05-13 15:51:03,876] Register - Step 05: Enter to Password textbox with value is '123456'
[2023-05-13 15:51:03,983] Register - Step 06: Enter to Confirm Password textbox with value is '123456'
[2023-05-13 15:51:04,078] Register - Step 08: Click to 'Register' button
[2023-05-13 15:51:04,907] Register - Step 09: Verify register success message is displayed
[2023-05-13 15:51:04,972] Register - Step 10: Click to Continue button
[2023-05-13 15:51:05,451] Login - Step 01: Navigate to Login page
[2023-05-13 15:51:05,901] Login - Step 02: Enter to Email textbox with value is 'afc71839@acb.com'
[2023-05-13 15:51:06,001] Login - Step 03: Enter to Password textbox with value is '123456'
[2023-05-13 15:51:06,085] Login - Step 04: Click to Login button
[2023-05-13 15:51:06,965] Login - Step 06: Verify the 'My Account' Link is displayed
[2023-05-13 23:11:32,597] Register - Step 01: Navigate to 'Register' page
[2023-05-13 23:11:55,351] Register - Step 01: Navigate to 'Register' page
[2023-05-13 23:24:02,785] Register - Step 01: Navigate to 'Register' page
[2023-05-13 23:24:03,849] Register - Step 02: Enter to FirstName textbox with value is 'Geni'
[2023-05-13 23:24:03,991] Register - Step 03: Enter to Lastname textbox with value is 'Nguyen'
[2023-05-13 23:24:04,123] Register - Step 04: Enter to Email Address textbox with value is 'afc91749@acb.com'
[2023-05-13 23:24:04,254] Register - Step 05: Enter to Password textbox with value is '123456'
[2023-05-13 23:24:04,339] Register - Step 06: Enter to Confirm Password textbox with value is '123456'
[2023-05-13 23:24:04,466] Register - Step 08: Click to 'Register' button
[2023-05-13 23:24:05,299] Register - Step 09: Verify register success message is displayed
[2023-05-13 23:24:05,394] Login - Step 01: Navigate to Login page
[2023-05-13 23:24:06,278] Login - Step 02: Enter to Email textbox with value is 'afc91749@acb.com'
[2023-05-13 23:24:06,410] Login - Step 03: Enter to Password textbox with value is '123456'
[2023-05-13 23:24:06,510] Login - Step 04: Click to Login button
[2023-05-13 23:24:07,191] Login - Step 06: Verify the 'My Account' Link is displayed
[2023-05-13 23:49:05,604] Register - Step 01: Navigate to 'Register' page
[2023-05-13 23:49:06,338] Login - Step 01: Navigate to Login page
[2023-05-15 14:01:06,992] Login - Step 01: Navigate to Login page
[2023-05-15 14:01:07,690] Login - Step 02: Enter to Email textbox with value is 'afc59376@acb.com'
[2023-05-15 14:01:07,839] Login - Step 03: Enter to Password textbox with value is '123456'
[2023-05-15 14:01:07,963] Login - Step 04: Click to Login button
[2023-05-15 14:01:09,288] Login - Step 06: Verify the 'My Account' Link is displayed
[2023-05-15 14:01:09,382]  -------------------------- PASSED -------------------------- 
[2023-05-15 15:18:18,946] Pre-condition - Step 02: Set cookie and reload page
[2023-05-15 15:18:19,780] Pre-condition - Step 04: Click to Login button
[2023-05-15 15:21:28,425] Pre-condition - Step 02: Set cookie and reload page
[2023-05-15 15:26:10,148] Pre-condition - Step 02: Set cookie and reload page
[2023-05-15 15:26:11,497] Pre-condition - Step 06: Verify the 'My Account' Link is displayed
[2023-05-15 15:26:11,613]  -------------------------- PASSED -------------------------- 
[2023-05-15 15:27:49,762] Pre-condition - Step 02: Set cookie and reload page
[2023-05-15 15:36:00,918] Pre-condition - Step 01: Navigate to Login page
[2023-05-15 15:36:02,060] Pre-condition - Step 02: Set cookie and reload page
[2023-05-15 15:36:05,483] Pre-condition - Step 03: Verify the 'My Account' Link is displayed
[2023-05-15 15:36:05,592]  -------------------------- PASSED -------------------------- 
[2023-05-15 15:40:22,485] Pre-condition - Step 02: Set cookie and reload page
[2023-05-15 15:40:25,895] Pre-condition - Step 03: Verify the 'My Account' Link is displayed
[2023-05-15 15:40:25,999]  -------------------------- PASSED -------------------------- 
[2023-05-15 15:41:08,047] Pre-condition - Step 02: Set cookie and reload page
[2023-05-15 15:41:43,007] Pre-condition - Step 02: Set cookie and reload page
[2023-05-15 15:42:00,291] Pre-condition - Step 02: Set cookie and reload page
[2023-05-15 15:43:14,143] Pre-condition - Step 02: Set cookie and reload page
[2023-05-15 15:43:17,566] Pre-condition - Step 03: Verify the 'My Account' Link is displayed
[2023-05-15 15:43:17,662]  -------------------------- PASSED -------------------------- 
[2023-05-15 15:44:23,451] Pre-condition - Step 02: Set cookie and reload page
[2023-05-15 15:44:25,606] Pre-condition - Step 03: Verify the 'My Account' Link is displayed
[2023-05-15 15:44:26,662]  -------------------------- PASSED -------------------------- 
[2023-05-15 15:45:41,119] Pre-condition - Step 02: Set cookie and reload page
[2023-05-15 15:45:44,540] Pre-condition - Step 03: Verify the 'My Account' Link is displayed
[2023-05-15 15:45:44,645]  -------------------------- PASSED -------------------------- 
[2023-05-22 11:34:56,624] Pre-condition - Step 01: Navigate to 'Register' page
[2023-05-22 11:34:57,167] Pre-condition - Step 02: Enter to FirstName textbox with value is 'Geni'
[2023-05-22 11:34:57,288] Pre-condition - Step 03: Enter to Lastname textbox with value is 'Nguyen'
[2023-05-22 11:34:57,381] Pre-condition - Step 04: Enter to Email Address textbox with value is 'afc9911@acb.com'
[2023-05-22 11:34:57,467] Pre-condition - Step 05: Enter to Password textbox with value is '123456'
[2023-05-22 11:34:57,579] Pre-condition - Step 06: Enter to Confirm Password textbox with value is '123456'
[2023-05-22 11:34:57,683] Pre-condition - Step 08: Click to 'Register' button
[2023-05-22 11:34:58,465] Pre-condition - Step 09: Verify register success message is displayed
[2023-05-22 11:34:58,538]  -------------------------- PASSED -------------------------- 
[2023-05-22 11:34:58,539] Pre-condition - Step 10: Click to Continue button
[2023-05-22 11:34:58,977] Pre-condition - Step 11: Navigate to Login page
[2023-05-22 11:34:59,410] Pre-condition - Step 12: Enter to Email textbox with value is 'afc9911@acb.com'
[2023-05-22 11:34:59,509] Pre-condition - Step 13: Enter to Password textbox with value is '123456'
[2023-05-22 11:34:59,625] Pre-condition - Step 14: Click to Login button
[2023-05-22 11:35:00,286] Pre-condition - Step 15: Verify the 'My Account' Link is displayed
[2023-05-22 11:35:00,389]  -------------------------- PASSED -------------------------- 
[2023-05-22 11:38:37,973] Pre-condition - Step 01: Navigate to 'Register' page
[2023-05-22 11:38:39,104] Pre-condition - Step 02: Enter to FirstName textbox with value is 'Geni'
[2023-05-22 11:38:39,226] Pre-condition - Step 03: Enter to Lastname textbox with value is 'Nguyen'
[2023-05-22 11:38:39,337] Pre-condition - Step 04: Enter to Email Address textbox with value is 'afc61895@acb.com'
[2023-05-22 11:38:39,448] Pre-condition - Step 05: Enter to Password textbox with value is '123456'
[2023-05-22 11:38:39,540] Pre-condition - Step 06: Enter to Confirm Password textbox with value is '123456'
[2023-05-22 11:38:39,630] Pre-condition - Step 08: Click to 'Register' button
[2023-05-22 11:38:40,418] Pre-condition - Step 09: Verify register success message is displayed
[2023-05-22 11:38:40,484]  -------------------------- FAILED -------------------------- 
[2023-05-22 11:38:40,485] Pre-condition - Step 10: Click to Continue button
[2023-05-22 11:38:40,995] Pre-condition - Step 11: Navigate to Login page
[2023-05-22 11:38:41,453] Pre-condition - Step 12: Enter to Email textbox with value is 'afc61895@acb.com'
[2023-05-22 11:38:41,549] Pre-condition - Step 13: Enter to Password textbox with value is '123456'
[2023-05-22 11:38:41,651] Pre-condition - Step 14: Click to Login button
[2023-05-22 11:38:42,340] Pre-condition - Step 15: Verify the 'My Account' Link is displayed
[2023-05-22 11:38:42,459]  -------------------------- PASSED -------------------------- 
[2023-05-22 11:51:17,887] Pre-condition - Step 01: Navigate to 'Register' page
[2023-05-22 11:51:18,964] Pre-condition - Step 02: Enter to FirstName textbox with value is 'Geni'
[2023-05-22 11:51:19,103] Pre-condition - Step 03: Enter to Lastname textbox with value is 'Nguyen'
[2023-05-22 11:51:19,198] Pre-condition - Step 04: Enter to Email Address textbox with value is 'afc30215@acb.com'
[2023-05-22 11:51:19,324] Pre-condition - Step 05: Enter to Password textbox with value is '123456'
[2023-05-22 11:51:19,406] Pre-condition - Step 06: Enter to Confirm Password textbox with value is '123456'
[2023-05-22 11:51:19,483] Pre-condition - Step 08: Click to 'Register' button
[2023-05-22 11:51:20,180] Pre-condition - Step 09: Verify register success message is displayed
[2023-05-22 12:06:49,677] Pre-condition - Step 01: Navigate to 'Register' page
[2023-05-22 12:06:50,732] Pre-condition - Step 02: Enter to FirstName textbox with value is 'Geni'
[2023-05-22 12:06:50,865] Pre-condition - Step 03: Enter to Lastname textbox with value is 'Nguyen'
[2023-05-22 12:06:50,973] Pre-condition - Step 04: Enter to Email Address textbox with value is 'afc32650@acb.com'
[2023-05-22 12:06:51,074] Pre-condition - Step 05: Enter to Password textbox with value is '123456'
[2023-05-22 12:06:51,178] Pre-condition - Step 06: Enter to Confirm Password textbox with value is '123456'
[2023-05-22 12:06:51,269] Pre-condition - Step 08: Click to 'Register' button
[2023-05-22 12:06:52,120] Pre-condition - Step 09: Verify register success message is displayed
[2023-05-22 12:07:30,582] Pre-condition - Step 01: Navigate to 'Register' page
[2023-05-22 12:07:31,663] Pre-condition - Step 02: Enter to FirstName textbox with value is 'Geni'
[2023-05-22 12:07:31,797] Pre-condition - Step 03: Enter to Lastname textbox with value is 'Nguyen'
[2023-05-22 12:07:31,929] Pre-condition - Step 04: Enter to Email Address textbox with value is 'afc13316@acb.com'
[2023-05-22 12:07:32,043] Pre-condition - Step 05: Enter to Password textbox with value is '123456'
[2023-05-22 12:07:32,122] Pre-condition - Step 06: Enter to Confirm Password textbox with value is '123456'
[2023-05-22 12:07:32,227] Pre-condition - Step 08: Click to 'Register' button
[2023-05-22 12:07:32,961] Pre-condition - Step 09: Verify register success message is displayed
[2023-05-22 12:23:09,474] Pre-condition - Step 01: Navigate to 'Register' page
[2023-05-22 12:23:10,503] Pre-condition - Step 02: Enter to FirstName textbox with value is 'Geni'
[2023-05-22 12:23:10,624] Pre-condition - Step 03: Enter to Lastname textbox with value is 'Nguyen'
[2023-05-22 12:23:10,718] Pre-condition - Step 04: Enter to Email Address textbox with value is 'afc35753@acb.com'
[2023-05-22 12:23:10,812] Pre-condition - Step 05: Enter to Password textbox with value is '123456'
[2023-05-22 12:23:10,912] Pre-condition - Step 06: Enter to Confirm Password textbox with value is '123456'
[2023-05-22 12:23:11,017] Pre-condition - Step 08: Click to 'Register' button
[2023-05-22 12:23:11,836] Pre-condition - Step 09: Verify register success message is displayed
[2023-05-22 12:23:12,074] OS name = Windows 10
[2023-05-22 12:23:12,074] Driver instance name = firefoxdriver: firefox on windows (5a544464-1abe-4ab7-8774-9373386b9e36)
[2023-05-22 12:25:20,817] Pre-condition - Step 01: Navigate to 'Register' page
[2023-05-22 12:25:21,831] Pre-condition - Step 02: Enter to FirstName textbox with value is 'Geni'
[2023-05-22 12:25:21,992] Pre-condition - Step 03: Enter to Lastname textbox with value is 'Nguyen'
[2023-05-22 12:25:22,086] Pre-condition - Step 04: Enter to Email Address textbox with value is 'afc92783@acb.com'
[2023-05-22 12:25:22,178] Pre-condition - Step 05: Enter to Password textbox with value is '123456'
[2023-05-22 12:25:22,287] Pre-condition - Step 06: Enter to Confirm Password textbox with value is '123456'
[2023-05-22 12:25:22,376] Pre-condition - Step 08: Click to 'Register' button
[2023-05-22 12:25:23,095] Pre-condition - Step 09: Verify register success message is displayed
[2023-05-22 12:39:33,726] Pre-condition - Step 01: Navigate to 'Register' page
[2023-05-22 12:39:34,792] Pre-condition - Step 02: Enter to FirstName textbox with value is 'Geni'
[2023-05-22 12:39:34,909] Pre-condition - Step 03: Enter to Lastname textbox with value is 'Nguyen'
[2023-05-22 12:39:34,998] Pre-condition - Step 04: Enter to Email Address textbox with value is 'afc78347@acb.com'
[2023-05-22 12:39:35,084] Pre-condition - Step 05: Enter to Password textbox with value is '123456'
[2023-05-22 12:39:35,168] Pre-condition - Step 06: Enter to Confirm Password textbox with value is '123456'
[2023-05-22 12:39:35,252] Pre-condition - Step 08: Click to 'Register' button
[2023-05-22 12:39:35,979] Pre-condition - Step 09: Verify register success message is displayed
[2023-05-22 12:39:36,298] OS name = Windows 10
[2023-05-22 12:39:36,298] Driver instance name = firefoxdriver: firefox on windows (1d24f5e3-99a6-409c-a15c-7964a15df3ab)
